<?xml version="1.0" encoding="UTF-8" ?>
<testsuite tests="2" failures="0" name="fr.uni.institute.library.dao.CategoryDaoTestCase" time="0.45" errors="1" skipped="0">
  <properties>
[...]
</properties>
  <testcase classname="fr.uni.institute.library.dao.CategoryDaoTestCase" name="testResearchAllCategories" time="0.43">
    <error message="test timed out after 5 milliseconds" type="org.junit.runners.model.TestTimedOutException">org.junit.runners.model.TestTimedOutException: test timed out after 5 milliseconds
	at java.lang.System.arraycopy(Native Method)
	at com.mysql.jdbc.util.ReadAheadInputStream.readFromUnderlyingStreamIfNecessary(ReadAheadInputStream.java:155)
	at com.mysql.jdbc.util.ReadAheadInputStream.read(ReadAheadInputStream.java:174)
	at com.mysql.jdbc.MysqlIO.readFully(MysqlIO.java:3008)
	at com.mysql.jdbc.MysqlIO.nextRowFast(MysqlIO.java:2064)
	at com.mysql.jdbc.MysqlIO.nextRow(MysqlIO.java:1989)
	at com.mysql.jdbc.MysqlIO.readSingleRowSet(MysqlIO.java:3410)
	at com.mysql.jdbc.MysqlIO.getResultSet(MysqlIO.java:470)
	at com.mysql.jdbc.MysqlIO.readResultsForQueryOrUpdate(MysqlIO.java:3112)
	at com.mysql.jdbc.MysqlIO.readAllResults(MysqlIO.java:2341)
	at com.mysql.jdbc.MysqlIO.sqlQueryDirect(MysqlIO.java:2736)
	at com.mysql.jdbc.ConnectionImpl.execSQL(ConnectionImpl.java:2483)
	at com.mysql.jdbc.ConnectionImpl.execSQL(ConnectionImpl.java:2441)
	at com.mysql.jdbc.StatementImpl.executeQuery(StatementImpl.java:1381)
	at fr.uni.institute.library.dao.jdbc.CategoryDaoJdbc.researchAllCategories(CategoryDaoJdbc.java:84)
	at fr.uni.institute.library.dao.CategoryDaoTestCase.testResearchAllCategories(CategoryDaoTestCase.java:49)
	at sun.reflect.NativeMethodAccessorImpl.invoke0(Native Method)
	at sun.reflect.NativeMethodAccessorImpl.invoke(NativeMethodAccessorImpl.java:62)
	at sun.reflect.DelegatingMethodAccessorImpl.invoke(DelegatingMethodAccessorImpl.java:43)
	at java.lang.reflect.Method.invoke(Method.java:483)
	at org.junit.runners.model.FrameworkMethod$1.runReflectiveCall(FrameworkMethod.java:50)
	at org.junit.internal.runners.model.ReflectiveCallable.run(ReflectiveCallable.java:12)
	at org.junit.runners.model.FrameworkMethod.invokeExplosively(FrameworkMethod.java:47)
	at org.junit.internal.runners.statements.InvokeMethod.evaluate(InvokeMethod.java:17)
	at org.junit.internal.runners.statements.FailOnTimeout$CallableStatement.call(FailOnTimeout.java:298)
	at org.junit.internal.runners.statements.FailOnTimeout$CallableStatement.call(FailOnTimeout.java:292)
	at java.util.concurrent.FutureTask.run(FutureTask.java:266)
	at java.lang.Thread.run(Thread.java:745)
</error>
    <system-out>Définition des conditions initiales
Initialisation de la connexion 
Réccupération de la liste des categories 
Libé©ration des resources
</system-out>
  </testcase>
  <testcase classname="fr.uni.institute.library.dao.CategoryDaoTestCase" name="testResearchCategoryById" time="0.02"/>
</testsuite>